{"date":"Thu Dec 25 2025 15:05:48 GMT+0545 (Nepal Time)","error":{"diagnosticCodes":[2306]},"exception":true,"level":"error","message":"uncaughtException: ⨯ Unable to compile TypeScript:\n\u001b[96msrc/controllers/cloudinary.controller.ts\u001b[0m:\u001b[93m10\u001b[0m:\u001b[93m8\u001b[0m - \u001b[91merror\u001b[0m\u001b[90m TS2306: \u001b[0mFile 'C:/Users/HP/OneDrive/Desktop/RASS Engineering/Backend/src/utils/cloudinary.utils.ts' is not a module.\r\n\r\n\u001b[7m10\u001b[0m } from '../utils/cloudinary.utils';\r\n\u001b[7m  \u001b[0m \u001b[91m       ~~~~~~~~~~~~~~~~~~~~~~~~~~~\u001b[0m\r\n\nTSError: ⨯ Unable to compile TypeScript:\n\u001b[96msrc/controllers/cloudinary.controller.ts\u001b[0m:\u001b[93m10\u001b[0m:\u001b[93m8\u001b[0m - \u001b[91merror\u001b[0m\u001b[90m TS2306: \u001b[0mFile 'C:/Users/HP/OneDrive/Desktop/RASS Engineering/Backend/src/utils/cloudinary.utils.ts' is not a module.\r\n\r\n\u001b[7m10\u001b[0m } from '../utils/cloudinary.utils';\r\n\u001b[7m  \u001b[0m \u001b[91m       ~~~~~~~~~~~~~~~~~~~~~~~~~~~\u001b[0m\r\n\n    at createTSError (C:\\Users\\HP\\OneDrive\\Desktop\\RASS Engineering\\Backend\\node_modules\\ts-node\\src\\index.ts:859:12)\n    at reportTSError (C:\\Users\\HP\\OneDrive\\Desktop\\RASS Engineering\\Backend\\node_modules\\ts-node\\src\\index.ts:863:19)\n    at getOutput (C:\\Users\\HP\\OneDrive\\Desktop\\RASS Engineering\\Backend\\node_modules\\ts-node\\src\\index.ts:1077:36)\n    at Object.compile (C:\\Users\\HP\\OneDrive\\Desktop\\RASS Engineering\\Backend\\node_modules\\ts-node\\src\\index.ts:1433:41)\n    at Module.m._compile (C:\\Users\\HP\\OneDrive\\Desktop\\RASS Engineering\\Backend\\node_modules\\ts-node\\src\\index.ts:1617:30)\n    at node:internal/modules/cjs/loader:1706:10\n    at Object.require.extensions.<computed> [as .ts] (C:\\Users\\HP\\OneDrive\\Desktop\\RASS Engineering\\Backend\\node_modules\\ts-node\\src\\index.ts:1621:12)\n    at Module.load (node:internal/modules/cjs/loader:1289:32)\n    at Function._load (node:internal/modules/cjs/loader:1108:12)\n    at TracingChannel.traceSync (node:diagnostics_channel:322:14)","os":{"loadavg":[0,0,0],"uptime":254082.828},"process":{"argv":["C:\\Users\\HP\\OneDrive\\Desktop\\RASS Engineering\\Backend\\node_modules\\ts-node\\dist\\bin.js","C:\\Users\\HP\\OneDrive\\Desktop\\RASS Engineering\\Backend\\src\\server.ts","src/server.ts"],"cwd":"C:\\Users\\HP\\OneDrive\\Desktop\\RASS Engineering\\Backend","execPath":"C:\\Program Files\\nodejs\\node.exe","gid":null,"memoryUsage":{"arrayBuffers":20717595,"external":23862437,"heapTotal":227184640,"heapUsed":191458096,"rss":271876096},"pid":19272,"uid":null,"version":"v22.14.0"},"stack":"TSError: ⨯ Unable to compile TypeScript:\n\u001b[96msrc/controllers/cloudinary.controller.ts\u001b[0m:\u001b[93m10\u001b[0m:\u001b[93m8\u001b[0m - \u001b[91merror\u001b[0m\u001b[90m TS2306: \u001b[0mFile 'C:/Users/HP/OneDrive/Desktop/RASS Engineering/Backend/src/utils/cloudinary.utils.ts' is not a module.\r\n\r\n\u001b[7m10\u001b[0m } from '../utils/cloudinary.utils';\r\n\u001b[7m  \u001b[0m \u001b[91m       ~~~~~~~~~~~~~~~~~~~~~~~~~~~\u001b[0m\r\n\n    at createTSError (C:\\Users\\HP\\OneDrive\\Desktop\\RASS Engineering\\Backend\\node_modules\\ts-node\\src\\index.ts:859:12)\n    at reportTSError (C:\\Users\\HP\\OneDrive\\Desktop\\RASS Engineering\\Backend\\node_modules\\ts-node\\src\\index.ts:863:19)\n    at getOutput (C:\\Users\\HP\\OneDrive\\Desktop\\RASS Engineering\\Backend\\node_modules\\ts-node\\src\\index.ts:1077:36)\n    at Object.compile (C:\\Users\\HP\\OneDrive\\Desktop\\RASS Engineering\\Backend\\node_modules\\ts-node\\src\\index.ts:1433:41)\n    at Module.m._compile (C:\\Users\\HP\\OneDrive\\Desktop\\RASS Engineering\\Backend\\node_modules\\ts-node\\src\\index.ts:1617:30)\n    at node:internal/modules/cjs/loader:1706:10\n    at Object.require.extensions.<computed> [as .ts] (C:\\Users\\HP\\OneDrive\\Desktop\\RASS Engineering\\Backend\\node_modules\\ts-node\\src\\index.ts:1621:12)\n    at Module.load (node:internal/modules/cjs/loader:1289:32)\n    at Function._load (node:internal/modules/cjs/loader:1108:12)\n    at TracingChannel.traceSync (node:diagnostics_channel:322:14)","timestamp":"2025-12-25 15:05:48","trace":[{"column":12,"file":"C:\\Users\\HP\\OneDrive\\Desktop\\RASS Engineering\\Backend\\node_modules\\ts-node\\src\\index.ts","function":"createTSError","line":859,"method":null,"native":false},{"column":19,"file":"C:\\Users\\HP\\OneDrive\\Desktop\\RASS Engineering\\Backend\\node_modules\\ts-node\\src\\index.ts","function":"reportTSError","line":863,"method":null,"native":false},{"column":36,"file":"C:\\Users\\HP\\OneDrive\\Desktop\\RASS Engineering\\Backend\\node_modules\\ts-node\\src\\index.ts","function":"getOutput","line":1077,"method":null,"native":false},{"column":41,"file":"C:\\Users\\HP\\OneDrive\\Desktop\\RASS Engineering\\Backend\\node_modules\\ts-node\\src\\index.ts","function":"Object.compile","line":1433,"method":"compile","native":false},{"column":30,"file":"C:\\Users\\HP\\OneDrive\\Desktop\\RASS Engineering\\Backend\\node_modules\\ts-node\\src\\index.ts","function":"Module.m._compile","line":1617,"method":"_compile","native":false},{"column":10,"file":"node:internal/modules/cjs/loader","function":null,"line":1706,"method":null,"native":false},{"column":12,"file":"C:\\Users\\HP\\OneDrive\\Desktop\\RASS Engineering\\Backend\\node_modules\\ts-node\\src\\index.ts","function":"Object.require.extensions.<computed> [as .ts]","line":1621,"method":"ts]","native":false},{"column":32,"file":"node:internal/modules/cjs/loader","function":"Module.load","line":1289,"method":"load","native":false},{"column":12,"file":"node:internal/modules/cjs/loader","function":"Function._load","line":1108,"method":"_load","native":false},{"column":14,"file":"node:diagnostics_channel","function":"TracingChannel.traceSync","line":322,"method":"traceSync","native":false}]}
{"date":"Thu Dec 25 2025 15:06:16 GMT+0545 (Nepal Time)","error":{"diagnosticCodes":[2306]},"exception":true,"level":"error","message":"uncaughtException: ⨯ Unable to compile TypeScript:\n\u001b[96msrc/controllers/cloudinary.controller.ts\u001b[0m:\u001b[93m10\u001b[0m:\u001b[93m8\u001b[0m - \u001b[91merror\u001b[0m\u001b[90m TS2306: \u001b[0mFile 'C:/Users/HP/OneDrive/Desktop/RASS Engineering/Backend/src/utils/cloudinary.utils.ts' is not a module.\r\n\r\n\u001b[7m10\u001b[0m } from '../utils/cloudinary.utils';\r\n\u001b[7m  \u001b[0m \u001b[91m       ~~~~~~~~~~~~~~~~~~~~~~~~~~~\u001b[0m\r\n\nTSError: ⨯ Unable to compile TypeScript:\n\u001b[96msrc/controllers/cloudinary.controller.ts\u001b[0m:\u001b[93m10\u001b[0m:\u001b[93m8\u001b[0m - \u001b[91merror\u001b[0m\u001b[90m TS2306: \u001b[0mFile 'C:/Users/HP/OneDrive/Desktop/RASS Engineering/Backend/src/utils/cloudinary.utils.ts' is not a module.\r\n\r\n\u001b[7m10\u001b[0m } from '../utils/cloudinary.utils';\r\n\u001b[7m  \u001b[0m \u001b[91m       ~~~~~~~~~~~~~~~~~~~~~~~~~~~\u001b[0m\r\n\n    at createTSError (C:\\Users\\HP\\OneDrive\\Desktop\\RASS Engineering\\Backend\\node_modules\\ts-node\\src\\index.ts:859:12)\n    at reportTSError (C:\\Users\\HP\\OneDrive\\Desktop\\RASS Engineering\\Backend\\node_modules\\ts-node\\src\\index.ts:863:19)\n    at getOutput (C:\\Users\\HP\\OneDrive\\Desktop\\RASS Engineering\\Backend\\node_modules\\ts-node\\src\\index.ts:1077:36)\n    at Object.compile (C:\\Users\\HP\\OneDrive\\Desktop\\RASS Engineering\\Backend\\node_modules\\ts-node\\src\\index.ts:1433:41)\n    at Module.m._compile (C:\\Users\\HP\\OneDrive\\Desktop\\RASS Engineering\\Backend\\node_modules\\ts-node\\src\\index.ts:1617:30)\n    at node:internal/modules/cjs/loader:1706:10\n    at Object.require.extensions.<computed> [as .ts] (C:\\Users\\HP\\OneDrive\\Desktop\\RASS Engineering\\Backend\\node_modules\\ts-node\\src\\index.ts:1621:12)\n    at Module.load (node:internal/modules/cjs/loader:1289:32)\n    at Function._load (node:internal/modules/cjs/loader:1108:12)\n    at TracingChannel.traceSync (node:diagnostics_channel:322:14)","os":{"loadavg":[0,0,0],"uptime":254110.421},"process":{"argv":["C:\\Users\\HP\\OneDrive\\Desktop\\RASS Engineering\\Backend\\node_modules\\ts-node\\dist\\bin.js","C:\\Users\\HP\\OneDrive\\Desktop\\RASS Engineering\\Backend\\src\\server.ts","src/server.ts"],"cwd":"C:\\Users\\HP\\OneDrive\\Desktop\\RASS Engineering\\Backend","execPath":"C:\\Program Files\\nodejs\\node.exe","gid":null,"memoryUsage":{"arrayBuffers":23140131,"external":26284973,"heapTotal":223252480,"heapUsed":191993616,"rss":271712256},"pid":18724,"uid":null,"version":"v22.14.0"},"stack":"TSError: ⨯ Unable to compile TypeScript:\n\u001b[96msrc/controllers/cloudinary.controller.ts\u001b[0m:\u001b[93m10\u001b[0m:\u001b[93m8\u001b[0m - \u001b[91merror\u001b[0m\u001b[90m TS2306: \u001b[0mFile 'C:/Users/HP/OneDrive/Desktop/RASS Engineering/Backend/src/utils/cloudinary.utils.ts' is not a module.\r\n\r\n\u001b[7m10\u001b[0m } from '../utils/cloudinary.utils';\r\n\u001b[7m  \u001b[0m \u001b[91m       ~~~~~~~~~~~~~~~~~~~~~~~~~~~\u001b[0m\r\n\n    at createTSError (C:\\Users\\HP\\OneDrive\\Desktop\\RASS Engineering\\Backend\\node_modules\\ts-node\\src\\index.ts:859:12)\n    at reportTSError (C:\\Users\\HP\\OneDrive\\Desktop\\RASS Engineering\\Backend\\node_modules\\ts-node\\src\\index.ts:863:19)\n    at getOutput (C:\\Users\\HP\\OneDrive\\Desktop\\RASS Engineering\\Backend\\node_modules\\ts-node\\src\\index.ts:1077:36)\n    at Object.compile (C:\\Users\\HP\\OneDrive\\Desktop\\RASS Engineering\\Backend\\node_modules\\ts-node\\src\\index.ts:1433:41)\n    at Module.m._compile (C:\\Users\\HP\\OneDrive\\Desktop\\RASS Engineering\\Backend\\node_modules\\ts-node\\src\\index.ts:1617:30)\n    at node:internal/modules/cjs/loader:1706:10\n    at Object.require.extensions.<computed> [as .ts] (C:\\Users\\HP\\OneDrive\\Desktop\\RASS Engineering\\Backend\\node_modules\\ts-node\\src\\index.ts:1621:12)\n    at Module.load (node:internal/modules/cjs/loader:1289:32)\n    at Function._load (node:internal/modules/cjs/loader:1108:12)\n    at TracingChannel.traceSync (node:diagnostics_channel:322:14)","timestamp":"2025-12-25 15:06:16","trace":[{"column":12,"file":"C:\\Users\\HP\\OneDrive\\Desktop\\RASS Engineering\\Backend\\node_modules\\ts-node\\src\\index.ts","function":"createTSError","line":859,"method":null,"native":false},{"column":19,"file":"C:\\Users\\HP\\OneDrive\\Desktop\\RASS Engineering\\Backend\\node_modules\\ts-node\\src\\index.ts","function":"reportTSError","line":863,"method":null,"native":false},{"column":36,"file":"C:\\Users\\HP\\OneDrive\\Desktop\\RASS Engineering\\Backend\\node_modules\\ts-node\\src\\index.ts","function":"getOutput","line":1077,"method":null,"native":false},{"column":41,"file":"C:\\Users\\HP\\OneDrive\\Desktop\\RASS Engineering\\Backend\\node_modules\\ts-node\\src\\index.ts","function":"Object.compile","line":1433,"method":"compile","native":false},{"column":30,"file":"C:\\Users\\HP\\OneDrive\\Desktop\\RASS Engineering\\Backend\\node_modules\\ts-node\\src\\index.ts","function":"Module.m._compile","line":1617,"method":"_compile","native":false},{"column":10,"file":"node:internal/modules/cjs/loader","function":null,"line":1706,"method":null,"native":false},{"column":12,"file":"C:\\Users\\HP\\OneDrive\\Desktop\\RASS Engineering\\Backend\\node_modules\\ts-node\\src\\index.ts","function":"Object.require.extensions.<computed> [as .ts]","line":1621,"method":"ts]","native":false},{"column":32,"file":"node:internal/modules/cjs/loader","function":"Module.load","line":1289,"method":"load","native":false},{"column":12,"file":"node:internal/modules/cjs/loader","function":"Function._load","line":1108,"method":"_load","native":false},{"column":14,"file":"node:diagnostics_channel","function":"TracingChannel.traceSync","line":322,"method":"traceSync","native":false}]}
{"date":"Thu Dec 25 2025 15:09:18 GMT+0545 (Nepal Time)","error":{"diagnosticCodes":[2306]},"exception":true,"level":"error","message":"uncaughtException: ⨯ Unable to compile TypeScript:\n\u001b[96msrc/controllers/cloudinary.controller.ts\u001b[0m:\u001b[93m10\u001b[0m:\u001b[93m8\u001b[0m - \u001b[91merror\u001b[0m\u001b[90m TS2306: \u001b[0mFile 'C:/Users/HP/OneDrive/Desktop/RASS Engineering/Backend/src/utils/cloudinary.utils.ts' is not a module.\r\n\r\n\u001b[7m10\u001b[0m } from '../utils/cloudinary.utils';\r\n\u001b[7m  \u001b[0m \u001b[91m       ~~~~~~~~~~~~~~~~~~~~~~~~~~~\u001b[0m\r\n\nTSError: ⨯ Unable to compile TypeScript:\n\u001b[96msrc/controllers/cloudinary.controller.ts\u001b[0m:\u001b[93m10\u001b[0m:\u001b[93m8\u001b[0m - \u001b[91merror\u001b[0m\u001b[90m TS2306: \u001b[0mFile 'C:/Users/HP/OneDrive/Desktop/RASS Engineering/Backend/src/utils/cloudinary.utils.ts' is not a module.\r\n\r\n\u001b[7m10\u001b[0m } from '../utils/cloudinary.utils';\r\n\u001b[7m  \u001b[0m \u001b[91m       ~~~~~~~~~~~~~~~~~~~~~~~~~~~\u001b[0m\r\n\n    at createTSError (C:\\Users\\HP\\OneDrive\\Desktop\\RASS Engineering\\Backend\\node_modules\\ts-node\\src\\index.ts:859:12)\n    at reportTSError (C:\\Users\\HP\\OneDrive\\Desktop\\RASS Engineering\\Backend\\node_modules\\ts-node\\src\\index.ts:863:19)\n    at getOutput (C:\\Users\\HP\\OneDrive\\Desktop\\RASS Engineering\\Backend\\node_modules\\ts-node\\src\\index.ts:1077:36)\n    at Object.compile (C:\\Users\\HP\\OneDrive\\Desktop\\RASS Engineering\\Backend\\node_modules\\ts-node\\src\\index.ts:1433:41)\n    at Module.m._compile (C:\\Users\\HP\\OneDrive\\Desktop\\RASS Engineering\\Backend\\node_modules\\ts-node\\src\\index.ts:1617:30)\n    at node:internal/modules/cjs/loader:1706:10\n    at Object.require.extensions.<computed> [as .ts] (C:\\Users\\HP\\OneDrive\\Desktop\\RASS Engineering\\Backend\\node_modules\\ts-node\\src\\index.ts:1621:12)\n    at Module.load (node:internal/modules/cjs/loader:1289:32)\n    at Function._load (node:internal/modules/cjs/loader:1108:12)\n    at TracingChannel.traceSync (node:diagnostics_channel:322:14)","os":{"loadavg":[0,0,0],"uptime":254292.531},"process":{"argv":["C:\\Users\\HP\\OneDrive\\Desktop\\RASS Engineering\\Backend\\node_modules\\ts-node\\dist\\bin.js","C:\\Users\\HP\\OneDrive\\Desktop\\RASS Engineering\\Backend\\src\\server.ts","src/server.ts"],"cwd":"C:\\Users\\HP\\OneDrive\\Desktop\\RASS Engineering\\Backend","execPath":"C:\\Program Files\\nodejs\\node.exe","gid":null,"memoryUsage":{"arrayBuffers":23140163,"external":26285005,"heapTotal":224038912,"heapUsed":189378168,"rss":272343040},"pid":11052,"uid":null,"version":"v22.14.0"},"stack":"TSError: ⨯ Unable to compile TypeScript:\n\u001b[96msrc/controllers/cloudinary.controller.ts\u001b[0m:\u001b[93m10\u001b[0m:\u001b[93m8\u001b[0m - \u001b[91merror\u001b[0m\u001b[90m TS2306: \u001b[0mFile 'C:/Users/HP/OneDrive/Desktop/RASS Engineering/Backend/src/utils/cloudinary.utils.ts' is not a module.\r\n\r\n\u001b[7m10\u001b[0m } from '../utils/cloudinary.utils';\r\n\u001b[7m  \u001b[0m \u001b[91m       ~~~~~~~~~~~~~~~~~~~~~~~~~~~\u001b[0m\r\n\n    at createTSError (C:\\Users\\HP\\OneDrive\\Desktop\\RASS Engineering\\Backend\\node_modules\\ts-node\\src\\index.ts:859:12)\n    at reportTSError (C:\\Users\\HP\\OneDrive\\Desktop\\RASS Engineering\\Backend\\node_modules\\ts-node\\src\\index.ts:863:19)\n    at getOutput (C:\\Users\\HP\\OneDrive\\Desktop\\RASS Engineering\\Backend\\node_modules\\ts-node\\src\\index.ts:1077:36)\n    at Object.compile (C:\\Users\\HP\\OneDrive\\Desktop\\RASS Engineering\\Backend\\node_modules\\ts-node\\src\\index.ts:1433:41)\n    at Module.m._compile (C:\\Users\\HP\\OneDrive\\Desktop\\RASS Engineering\\Backend\\node_modules\\ts-node\\src\\index.ts:1617:30)\n    at node:internal/modules/cjs/loader:1706:10\n    at Object.require.extensions.<computed> [as .ts] (C:\\Users\\HP\\OneDrive\\Desktop\\RASS Engineering\\Backend\\node_modules\\ts-node\\src\\index.ts:1621:12)\n    at Module.load (node:internal/modules/cjs/loader:1289:32)\n    at Function._load (node:internal/modules/cjs/loader:1108:12)\n    at TracingChannel.traceSync (node:diagnostics_channel:322:14)","timestamp":"2025-12-25 15:09:18","trace":[{"column":12,"file":"C:\\Users\\HP\\OneDrive\\Desktop\\RASS Engineering\\Backend\\node_modules\\ts-node\\src\\index.ts","function":"createTSError","line":859,"method":null,"native":false},{"column":19,"file":"C:\\Users\\HP\\OneDrive\\Desktop\\RASS Engineering\\Backend\\node_modules\\ts-node\\src\\index.ts","function":"reportTSError","line":863,"method":null,"native":false},{"column":36,"file":"C:\\Users\\HP\\OneDrive\\Desktop\\RASS Engineering\\Backend\\node_modules\\ts-node\\src\\index.ts","function":"getOutput","line":1077,"method":null,"native":false},{"column":41,"file":"C:\\Users\\HP\\OneDrive\\Desktop\\RASS Engineering\\Backend\\node_modules\\ts-node\\src\\index.ts","function":"Object.compile","line":1433,"method":"compile","native":false},{"column":30,"file":"C:\\Users\\HP\\OneDrive\\Desktop\\RASS Engineering\\Backend\\node_modules\\ts-node\\src\\index.ts","function":"Module.m._compile","line":1617,"method":"_compile","native":false},{"column":10,"file":"node:internal/modules/cjs/loader","function":null,"line":1706,"method":null,"native":false},{"column":12,"file":"C:\\Users\\HP\\OneDrive\\Desktop\\RASS Engineering\\Backend\\node_modules\\ts-node\\src\\index.ts","function":"Object.require.extensions.<computed> [as .ts]","line":1621,"method":"ts]","native":false},{"column":32,"file":"node:internal/modules/cjs/loader","function":"Module.load","line":1289,"method":"load","native":false},{"column":12,"file":"node:internal/modules/cjs/loader","function":"Function._load","line":1108,"method":"_load","native":false},{"column":14,"file":"node:diagnostics_channel","function":"TracingChannel.traceSync","line":322,"method":"traceSync","native":false}]}
{"date":"Thu Dec 25 2025 15:10:36 GMT+0545 (Nepal Time)","error":{"diagnosticCodes":[2306]},"exception":true,"level":"error","message":"uncaughtException: ⨯ Unable to compile TypeScript:\n\u001b[96msrc/controllers/cloudinary.controller.ts\u001b[0m:\u001b[93m10\u001b[0m:\u001b[93m8\u001b[0m - \u001b[91merror\u001b[0m\u001b[90m TS2306: \u001b[0mFile 'C:/Users/HP/OneDrive/Desktop/RASS Engineering/Backend/src/utils/cloudinary.utils.ts' is not a module.\r\n\r\n\u001b[7m10\u001b[0m } from '../utils/cloudinary.utils';\r\n\u001b[7m  \u001b[0m \u001b[91m       ~~~~~~~~~~~~~~~~~~~~~~~~~~~\u001b[0m\r\n\nTSError: ⨯ Unable to compile TypeScript:\n\u001b[96msrc/controllers/cloudinary.controller.ts\u001b[0m:\u001b[93m10\u001b[0m:\u001b[93m8\u001b[0m - \u001b[91merror\u001b[0m\u001b[90m TS2306: \u001b[0mFile 'C:/Users/HP/OneDrive/Desktop/RASS Engineering/Backend/src/utils/cloudinary.utils.ts' is not a module.\r\n\r\n\u001b[7m10\u001b[0m } from '../utils/cloudinary.utils';\r\n\u001b[7m  \u001b[0m \u001b[91m       ~~~~~~~~~~~~~~~~~~~~~~~~~~~\u001b[0m\r\n\n    at createTSError (C:\\Users\\HP\\OneDrive\\Desktop\\RASS Engineering\\Backend\\node_modules\\ts-node\\src\\index.ts:859:12)\n    at reportTSError (C:\\Users\\HP\\OneDrive\\Desktop\\RASS Engineering\\Backend\\node_modules\\ts-node\\src\\index.ts:863:19)\n    at getOutput (C:\\Users\\HP\\OneDrive\\Desktop\\RASS Engineering\\Backend\\node_modules\\ts-node\\src\\index.ts:1077:36)\n    at Object.compile (C:\\Users\\HP\\OneDrive\\Desktop\\RASS Engineering\\Backend\\node_modules\\ts-node\\src\\index.ts:1433:41)\n    at Module.m._compile (C:\\Users\\HP\\OneDrive\\Desktop\\RASS Engineering\\Backend\\node_modules\\ts-node\\src\\index.ts:1617:30)\n    at node:internal/modules/cjs/loader:1706:10\n    at Object.require.extensions.<computed> [as .ts] (C:\\Users\\HP\\OneDrive\\Desktop\\RASS Engineering\\Backend\\node_modules\\ts-node\\src\\index.ts:1621:12)\n    at Module.load (node:internal/modules/cjs/loader:1289:32)\n    at Function._load (node:internal/modules/cjs/loader:1108:12)\n    at TracingChannel.traceSync (node:diagnostics_channel:322:14)","os":{"loadavg":[0,0,0],"uptime":254370.39},"process":{"argv":["C:\\Users\\HP\\OneDrive\\Desktop\\RASS Engineering\\Backend\\node_modules\\ts-node\\dist\\bin.js","C:\\Users\\HP\\OneDrive\\Desktop\\RASS Engineering\\Backend\\src\\server.ts","src/server.ts"],"cwd":"C:\\Users\\HP\\OneDrive\\Desktop\\RASS Engineering\\Backend","execPath":"C:\\Program Files\\nodejs\\node.exe","gid":null,"memoryUsage":{"arrayBuffers":23152332,"external":26279905,"heapTotal":222466048,"heapUsed":195881440,"rss":271343616},"pid":20452,"uid":null,"version":"v22.14.0"},"stack":"TSError: ⨯ Unable to compile TypeScript:\n\u001b[96msrc/controllers/cloudinary.controller.ts\u001b[0m:\u001b[93m10\u001b[0m:\u001b[93m8\u001b[0m - \u001b[91merror\u001b[0m\u001b[90m TS2306: \u001b[0mFile 'C:/Users/HP/OneDrive/Desktop/RASS Engineering/Backend/src/utils/cloudinary.utils.ts' is not a module.\r\n\r\n\u001b[7m10\u001b[0m } from '../utils/cloudinary.utils';\r\n\u001b[7m  \u001b[0m \u001b[91m       ~~~~~~~~~~~~~~~~~~~~~~~~~~~\u001b[0m\r\n\n    at createTSError (C:\\Users\\HP\\OneDrive\\Desktop\\RASS Engineering\\Backend\\node_modules\\ts-node\\src\\index.ts:859:12)\n    at reportTSError (C:\\Users\\HP\\OneDrive\\Desktop\\RASS Engineering\\Backend\\node_modules\\ts-node\\src\\index.ts:863:19)\n    at getOutput (C:\\Users\\HP\\OneDrive\\Desktop\\RASS Engineering\\Backend\\node_modules\\ts-node\\src\\index.ts:1077:36)\n    at Object.compile (C:\\Users\\HP\\OneDrive\\Desktop\\RASS Engineering\\Backend\\node_modules\\ts-node\\src\\index.ts:1433:41)\n    at Module.m._compile (C:\\Users\\HP\\OneDrive\\Desktop\\RASS Engineering\\Backend\\node_modules\\ts-node\\src\\index.ts:1617:30)\n    at node:internal/modules/cjs/loader:1706:10\n    at Object.require.extensions.<computed> [as .ts] (C:\\Users\\HP\\OneDrive\\Desktop\\RASS Engineering\\Backend\\node_modules\\ts-node\\src\\index.ts:1621:12)\n    at Module.load (node:internal/modules/cjs/loader:1289:32)\n    at Function._load (node:internal/modules/cjs/loader:1108:12)\n    at TracingChannel.traceSync (node:diagnostics_channel:322:14)","timestamp":"2025-12-25 15:10:36","trace":[{"column":12,"file":"C:\\Users\\HP\\OneDrive\\Desktop\\RASS Engineering\\Backend\\node_modules\\ts-node\\src\\index.ts","function":"createTSError","line":859,"method":null,"native":false},{"column":19,"file":"C:\\Users\\HP\\OneDrive\\Desktop\\RASS Engineering\\Backend\\node_modules\\ts-node\\src\\index.ts","function":"reportTSError","line":863,"method":null,"native":false},{"column":36,"file":"C:\\Users\\HP\\OneDrive\\Desktop\\RASS Engineering\\Backend\\node_modules\\ts-node\\src\\index.ts","function":"getOutput","line":1077,"method":null,"native":false},{"column":41,"file":"C:\\Users\\HP\\OneDrive\\Desktop\\RASS Engineering\\Backend\\node_modules\\ts-node\\src\\index.ts","function":"Object.compile","line":1433,"method":"compile","native":false},{"column":30,"file":"C:\\Users\\HP\\OneDrive\\Desktop\\RASS Engineering\\Backend\\node_modules\\ts-node\\src\\index.ts","function":"Module.m._compile","line":1617,"method":"_compile","native":false},{"column":10,"file":"node:internal/modules/cjs/loader","function":null,"line":1706,"method":null,"native":false},{"column":12,"file":"C:\\Users\\HP\\OneDrive\\Desktop\\RASS Engineering\\Backend\\node_modules\\ts-node\\src\\index.ts","function":"Object.require.extensions.<computed> [as .ts]","line":1621,"method":"ts]","native":false},{"column":32,"file":"node:internal/modules/cjs/loader","function":"Module.load","line":1289,"method":"load","native":false},{"column":12,"file":"node:internal/modules/cjs/loader","function":"Function._load","line":1108,"method":"_load","native":false},{"column":14,"file":"node:diagnostics_channel","function":"TracingChannel.traceSync","line":322,"method":"traceSync","native":false}]}
